START ../src/UltimateBatteryTester.cpp
Version 3.3 from Dec 23 2023
Button pin=2
To suppress such prints not suited for Arduino plotter, connect pin 10 to ground
Maximum number of samples=337
462 compressed EEPROM values found
4004 330 201
EEPROM values=0x22 0x67 0x7E
3998 328 200
3992 327 216
EEPROM values=0x25 0x87 0x22
3986 327 210
3983 326 204
EEPROM values=0x34 0x88 0x15
3978 326 186
3974 326 183
EEPROM values=0x43 0x87 0x3D
3970 326 178
3965 325 183
EEPROM values=0x44 0x88 0xE1
3961 325 199
3957 325 181
EEPROM values=0x84 0x88 0x92
3957 325 182
3953 325 176
EEPROM values=0x34 0x87 0x22
3948 325 170
3944 324 164
EEPROM values=0x42 0x88 0x26
3940 324 158
3934 324 156
EEPROM values=0x58 0x87 0x85
3931 324 156
3931 323 153
EEPROM values=0x44 0x88 0x72
3927 323 152
3923 323 146
EEPROM values=0x34 0x87 0x59
3918 323 143
3914 322 144
EEPROM values=0x84 0x88 0x75
3914 322 143
3910 322 140
EEPROM values=0x43 0x88 0x87
3906 322 140
3901 322 139
EEPROM values=0x84 0x78 0xC8
3901 321 143
3897 321 143
EEPROM values=0x44 0x88 0x85
3893 321 143
3889 321 140
EEPROM values=0x38 0x78 0x78
3884 320 139
3884 320 139
EEPROM values=0x26 0x78 0xD5
3878 319 144
3876 319 141
EEPROM values=0x83 0x88 0xB9
3876 319 144
3871 319 145
EEPROM values=0x44 0x68 0xFF
3867 317 173
3863 317 201
EEPROM values=0x48 0x88 0x21
3859 317 195
3859 317 177
EEPROM values=0x34 0x87 0x62
3854 317 175
3850 316 169
EEPROM values=0x84 0x88 0xB9
3850 316 172
3846 316 173
EEPROM values=0x84 0x88 0xA2
3846 316 175
3842 316 169
EEPROM values=0x34 0x87 0x57
3837 316 166
3833 315 165
EEPROM values=0x84 0x88 0xAB
3833 315 167
3829 315 170
EEPROM values=0x38 0x88 0x75
3824 315 169
3824 315 166
EEPROM values=0x48 0x78 0x8B
3820 314 166
3820 314 169
EEPROM values=0x44 0x88 0x6A
3816 314 167
3812 314 169
EEPROM values=0x83 0x87 0xC5
3812 314 173
3807 313 170
EEPROM values=0x84 0x88 0x76
3807 313 169
3803 313 167
EEPROM values=0x48 0x88 0x96
3799 313 168
3799 313 166
EEPROM values=0x48 0x78 0xCA
3795 312 170
3795 312 172
EEPROM values=0x34 0x78 0x65
3790 311 170
3786 311 167
EEPROM values=0x88 0x88 0x8A
3786 311 167
3786 311 169
EEPROM values=0x25 0x88 0x6B
3780 311 167
3777 311 170
EEPROM values=0x84 0x78 0x59
3777 310 167
3773 310 168
EEPROM values=0x84 0x88 0x69
3773 310 166
3769 310 167
EEPROM values=0x48 0x88 0x98
3765 310 168
3765 310 168
EEPROM values=0x38 0x78 0x87
3760 309 168
3760 309 167
EEPROM values=0x44 0x88 0xB5
3756 309 170
3752 309 167
EEPROM values=0x88 0x87 0x87
3752 309 167
3752 308 166
EEPROM values=0x84 0x88 0xD7
3752 308 171
3748 308 170
EEPROM values=0x38 0x88 0x58
3743 308 167
3743 308 167
EEPROM values=0x48 0x87 0xA6
3739 308 169
3739 307 167
EEPROM values=0x48 0x88 0xB7
3735 307 170
3735 307 169
EEPROM values=0x38 0x88 0x96
3730 307 170
3730 307 168
EEPROM values=0x48 0x88 0xA5
3726 307 170
3726 307 167
EEPROM values=0x84 0x78 0x7B
3726 306 166
3722 306 169
EEPROM values=0x48 0x88 0x68
3718 306 167
3718 306 167
EEPROM values=0x88 0x88 0xA8
3718 306 169
3718 306 169
EEPROM values=0x34 0x87 0x58
3713 306 166
3709 305 166
EEPROM values=0x84 0x88 0x89
3709 305 166
3705 305 167
EEPROM values=0x84 0x88 0xA5
3705 305 169
3701 305 166
EEPROM values=0x88 0x87 0x9B
3701 305 167
3701 304 170
EEPROM values=0x34 0x88 0x57
3696 304 167
3692 304 166
EEPROM values=0x88 0x87 0x78
3692 304 165
3692 303 165
EEPROM values=0x88 0x88 0xBC
3692 303 168
3692 303 172
EEPROM values=0x43 0x88 0x82
3688 303 172
3683 303 166
EEPROM values=0x88 0x88 0x8A
3683 303 166
3683 303 168
EEPROM values=0x84 0x88 0x69
3683 303 166
3679 303 167
EEPROM values=0x48 0x87 0x85
3675 303 167
3675 302 164
EEPROM values=0x88 0x88 0x99
3675 302 165
3675 302 166
EEPROM values=0x48 0x88 0x8C
3671 302 166
3671 302 170
EEPROM values=0x83 0x87 0x58
3671 302 167
3666 301 167
EEPROM values=0x84 0x88 0x85
3666 301 167
3662 301 164
EEPROM values=0x88 0x88 0xB8
3662 301 167
3662 301 167
EEPROM values=0x84 0x88 0x57
3662 301 164
3658 301 163
EEPROM values=0x84 0x88 0xBA
3658 301 166
3654 301 168
EEPROM values=0x88 0x88 0x8A
3654 301 168
3654 301 170
EEPROM values=0x83 0x78 0x76
3654 300 169
3649 300 167
EEPROM values=0x84 0x88 0xA5
3649 300 169
3645 300 166
EEPROM values=0x84 0x88 0x7B
3645 300 165
3641 300 168
EEPROM values=0xC2 0x88 0x69
3645 300 166
3639 300 167
EEPROM values=0xA8 0x87 0x8B
3641 300 167
3641 299 170
EEPROM values=0x38 0x88 0x3B
3636 299 165
3636 299 168
EEPROM values=0x84 0x88 0x85
3636 299 168
3632 299 165
EEPROM values=0xC2 0x88 0x98
3636 299 166
3630 299 166
EEPROM values=0xA4 0x88 0x95
3632 299 167
3628 299 164
EEPROM values=0x88 0x87 0x9B
3628 299 165
3628 298 168
EEPROM values=0x88 0x88 0x66
3628 298 166
3628 298 164
EEPROM values=0x48 0x88 0xDC
3624 298 169
3624 298 173
EEPROM values=0x83 0x88 0x64
3624 298 171
3619 298 167
EEPROM values=0x84 0x88 0x86
3619 298 167
3615 298 165
EEPROM values=0x88 0x88 0x8A
3615 298 165
3615 298 167
EEPROM values=0x84 0x78 0x87
3615 297 167
3611 297 166
EEPROM values=0x88 0x88 0xC9
3611 297 170
3611 297 171
EEPROM values=0x48 0x88 0x86
3607 297 171
3607 297 169
EEPROM values=0x88 0x88 0x8C
3607 297 169
3607 297 173
EEPROM values=0x3D 0x88 0x72
3602 297 172
3607 297 166
EEPROM values=0x38 0x88 0x79
3602 297 165
3602 297 166
EEPROM values=0x48 0x78 0x79
3598 296 165
3598 296 166
EEPROM values=0x84 0x88 0x9A
3598 296 167
3594 296 169
EEPROM values=0x88 0x87 0x6B
3594 296 167
3594 295 170
EEPROM values=0x3D 0x88 0x78
3589 295 169
3594 295 169
EEPROM values=0x38 0x88 0x77
3589 295 168
3589 295 167
EEPROM values=0x88 0x88 0xA8
3589 295 169
3589 295 169
EEPROM values=0x48 0x88 0x59
3585 295 166
3585 295 167
EEPROM values=0x84 0x88 0x94
3585 295 168
3581 295 164
EEPROM values=0x88 0x78 0x9A
3581 294 165
3581 294 167
EEPROM values=0x48 0x88 0x98
3577 294 168
3577 294 168
EEPROM values=0x83 0x88 0xB8
3577 294 171
3572 294 171
EEPROM values=0x88 0x88 0x27
3572 294 165
3572 294 164
EEPROM values=0x88 0x88 0xB7
3572 294 167
3572 294 166
EEPROM values=0x48 0x88 0x59
3568 294 163
3568 294 164
EEPROM values=0x84 0x78 0xD7
3568 293 169
3564 293 168
EEPROM values=0x88 0x88 0x6A
3564 293 166
3564 293 168
EEPROM values=0x83 0x88 0x87
3564 293 168
3559 293 167
EEPROM values=0x84 0x88 0x7B
3559 293 166
3555 293 169
EEPROM values=0x88 0x87 0x48
3555 293 165
3555 292 165
EEPROM values=0x88 0x97 0xC8
3555 293 169
3555 292 169
EEPROM values=0x48 0x88 0x59
3551 292 166
3551 292 167
EEPROM values=0x84 0x88 0xB3
3551 292 170
3547 292 165
EEPROM values=0x83 0x88 0x7B
3547 292 164
3542 292 167
EEPROM values=0x88 0x88 0x68
3542 292 165
3542 292 165
EEPROM values=0x48 0x78 0x96
3538 291 166
3538 291 164
EEPROM values=0x88 0x88 0x9A
3538 291 165
3538 291 167
EEPROM values=0x44 0x88 0x65
3534 291 165
3530 291 162
EEPROM values=0xC4 0x88 0xD9
3534 291 167
3530 291 168
EEPROM values=0x83 0x88 0x49
3530 291 164
3525 291 165
EEPROM values=0x88 0x87 0x87
3525 291 165
3525 290 164
EEPROM values=0x84 0x88 0xA5
3525 290 166
3521 290 163
EEPROM values=0x48 0x88 0x8D
3517 290 163
3517 290 168
EEPROM values=0x88 0x88 0x85
3517 290 168
3517 290 165
EEPROM values=0x83 0x87 0x95
3517 290 166
3512 289 163
EEPROM values=0x88 0x88 0x98
3512 289 164
3512 289 164
EEPROM values=0x48 0x88 0x6A
3508 289 162
3508 289 164
EEPROM values=0x48 0x88 0x88
3504 289 164
3504 289 164
EEPROM values=0x48 0x87 0x68
3500 289 162
3500 288 162
EEPROM values=0x38 0x88 0xBA
3495 288 165
3495 288 167
EEPROM values=0x48 0x87 0x48
3491 288 163
3491 287 163
EEPROM values=0x88 0x88 0x7A
3491 287 162
3491 287 164
EEPROM values=0x48 0x88 0x69
3487 287 162
3487 287 163
EEPROM values=0x48 0x88 0x97
3483 287 164
3483 287 163
EEPROM values=0x83 0x87 0x88
3483 287 163
3478 286 163
EEPROM values=0x4C 0x88 0x87
3474 286 163
3478 286 162
EEPROM values=0x48 0x88 0x98
3474 286 163
3474 286 163
EEPROM values=0x48 0x88 0x6A
3470 286 161
3470 286 163
EEPROM values=0x38 0x87 0x98
3465 286 164
3465 285 164
EEPROM values=0x84 0x88 0x48
3465 285 160
3461 285 160
EEPROM values=0x84 0x88 0xA8
3461 285 162
3457 285 162
EEPROM values=0x48 0x79 0x88
3453 284 162
3453 285 162
EEPROM values=0x38 0x78 0xA8
3448 284 164
3448 284 164
EEPROM values=0x48 0x88 0x87
3444 284 164
3444 284 163
EEPROM values=0x48 0x78 0x69
3440 283 161
3440 283 162
EEPROM values=0x43 0x88 0xA2
3436 283 164
3431 283 158
EEPROM values=0x44 0x87 0xC9
3427 283 162
3423 282 163
EEPROM values=0x83 0x88 0x5C
3423 282 160
3418 282 164
EEPROM values=0x22 0x77 0x68
3412 281 162
3406 280 162
EEPROM values=0x32 0x87 0x8A
3401 280 162
3395 279 164
EEPROM values=0x22 0x88 0x67
3389 279 162
3383 279 161
EEPROM values=0x22 0x78 0x85
3377 278 161
3371 278 158
EEPROM values=0x21 0x77 0xB6
3365 277 161
3347 276 159
EEPROM values=0x71 0x87 0xB7
3346 276 162
3328 275 161
EEPROM values=0x42 0x77 0xC4
3324 274 165
3318 273 161
EEPROM values=0x12 0x77 0xB8
3300 272 164
3294 271 164
EEPROM values=0x11 0x77 0x47
3276 270 160
3258 269 159
EEPROM values=0x21 0x77 0x7B
3252 268 158
3234 267 161
EEPROM values=0x12 0x67 0x89
3216 265 161
3210 264 162
EEPROM values=0x1 0x67 0x78
3180 262 161
3162 261 161
EEPROM values=0x10 0x66 0x8C
3144 259 161
3114 257 165
EEPROM values=0x10 0x66 0x29
3096 255 159
3066 253 160
EEPROM values=0x0 0x65 0x97
3036 251 161
3006 248 160
EEPROM values=0x0 0x54 0xA7
2976 245 162
2946 241 161
EEPROM values=0x0 0x43 0xAA
2916 237 163
2886 232 165
EEPROM values=0x0 0x22 0x67
2856 226 163
2826 220 162
EEPROM values=0x0 0x22 0x7A
2796 214 161
2766 208 163
EEPROM values=0x0 0x17 0x87
2736 190 163
2706 189 162
EEPROM values=0x0 0x22 0x7C
2676 183 161
2646 177 165
EEPROM values=0x0 0x22 0xD8
2616 171 170
2586 165 170
EEPROM values=0x0 0x24 0x7B
2556 159 169
2526 155 172
EEPROM values=0x0 0x43 0x8A
2496 151 172
2466 146 174
EEPROM values=0x0 0x53 0x69
2436 143 172
2406 138 173
EEPROM values=0x0 0x44 0xAA
2376 134 175
2346 130 177
EEPROM values=0x0 0x54 0xB6
2316 127 180
2286 123 178
EEPROM values=0x0 0x54 0x9B
2256 120 179
2226 116 182
EEPROM values=0x0 0x65 0x87
2196 114 182
2166 111 181
EEPROM values=0x0 0x56 0x8C
2136 108 181
2106 106 185
EEPROM values=0x0 0x56 0x58
2076 103 182
2046 101 182
EEPROM values=0x0 0x66 0xB9
2016 99 185
1986 97 186
EEPROM values=0x0 0x67 0x7B
1956 95 185
1926 94 188
EEPROM values=0x0 0x57 0x2E
1896 91 182
1866 90 198
EEPROM values=0x0 0x66 0x22
1836 88 192
1806 86 186
EEPROM values=0x0 0x76 0xB8
1776 85 189
1746 83 189
EEPROM values=0x0 0x67 0xC2
1716 81 193
1686 80 187
EEPROM values=0x0 0x75 0x7C
1656 79 186
1626 76 190
EEPROM values=0x0 0x77 0x8D
1596 75 190
1566 74 195
EEPROM values=0x0 0x76 0x4A
1536 73 191
1506 71 193
EEPROM values=0x0 0x67 0x6E
1476 69 191
1446 68 207
EEPROM values=0x0 0x76 0x22
1416 67 201
1386 65 195
EEPROM values=0x0 0x77 0x7A
1356 64 194
1326 63 196
EEPROM values=0x0 0x77 0x88
1296 62 196
1266 61 196
EEPROM values=0x0 0x68 0x5D
1236 59 193
1206 59 198
EEPROM values=0x0 0x77 0x5A
1176 58 195
1146 57 197
EEPROM values=0x0 0x77 0xC5
1116 56 201
1086 55 198
EEPROM values=0x0 0x77 0x8D
1056 54 198
1026 53 203
EEPROM values=0x0 0x77 0x1E
996 52 185
966 51 201
EEPROM values=0x0 0x87 0xD1
936 51 206
906 50 188
EEPROM values=0x0 0x77 0xDD
876 49 193
846 48 198
EEPROM values=0x0 0x87 0x9E
816 48 199
786 47 215
EEPROM values=0x0 0x77 0xE
756 46 185
726 45 201
EEPROM values=0x0 0x87 0x2E
696 45 195
666 44 211
EEPROM values=0x0 0x87 0x1E
636 44 193
606 43 209
EEPROM values=0x0 0x78 0xF
576 42 179
546 42 207
EEPROM values=0x2 0x78 0xE
516 41 177
510 41 193
EEPROM values=0x17 0x78 0xC9
492 40 197
491 40 198
EEPROM values=0x22 0x77 0xE1
485 39 214
479 38 196
EEPROM values=0x22 0x88 0xC6
473 38 200
467 38 198
EEPROM values=0x22 0x77 0x2E
461 37 192
455 36 208
EEPROM values=0x23 0x88 0x1A
449 36 190
444 36 192
EEPROM values=0x22 0x78 0xF1
438 35 220
432 35 202
EEPROM values=0x34 0x78 0x2E
427 34 196
423 34 212
EEPROM values=0x23 0x87 0x19
417 34 194
412 33 195
EEPROM values=0x43 0x88 0xF1
408 33 223
403 33 205
EEPROM values=0x44 0x78 0x1E
399 32 187
395 32 203
EEPROM values=0x25 0x87 0xF0
389 32 231
386 31 201
EEPROM values=0x26 0x78 0x1F
380 30 183
378 30 211
EEPROM values=0x34 0x87 0x41
373 30 207
369 29 189
EEPROM values=0x46 0x88 0xDF
365 29 194
363 29 222
EEPROM values=0x23 0x78 0x11
357 28 204
352 28 186
EEPROM values=0x64 0x88 0xBE
350 28 189
346 28 205
EEPROM values=0x36 0x78 0xE0
341 27 221
339 27 191
EEPROM values=0x46 0x88 0x1F
335 27 173
333 27 201
EEPROM values=0x27 0x78 0xE2
327 26 217
326 26 211
EEPROM values=0x64 0x88 0x15
324 26 193
320 26 190
EEPROM values=0x66 0x78 0xCF
318 25 194
316 25 222
EEPROM values=0x36 0x88 0x90
311 25 223
309 25 193
EEPROM values=0x66 0x78 0xDD
307 24 198
305 24 203
EEPROM values=0x44 0x88 0x1F
301 24 185
297 24 213
EEPROM values=0x56 0x87 0x21
294 24 207
292 23 189
EEPROM values=0x46 0x87 0xDD
288 23 194
286 22 199
EEPROM values=0x45 0x88 0xFE
282 22 227
Voltage=4.004V->0.279V Current=330mA->22mA ESR=0.201ohm->0.243ohm:243 LoadResistor=11.951ohm Capacity=1312_1783mAh Duration_compr=7h_42min
Stored minus computed capacity = -3 mAh
Computed capacity at 3500 V = 1312 mAh

Discharge to 50 mV
Switch to state DETECTING BATTERY
