START ../src/UltimateBatteryTester.cpp
Version 4.0 from Jan  8 2024
Button pin=2
To suppress such prints not suited for Arduino plotter, connect pin 10 to ground
Maximum number of uncompressed samples=337, compressed=672 | 11h 12min

594 compressed EEPROM values found for type=Li-ion     and discharge mode=z
3760 311 140
3730 308 145
3712 307 144
3694 306 144
3688 304 148
3670 303 146
3666 303 148
3662 302 147
3656 301 148
3650 301 150
3644 300 150
3638 300 150
3632 299 149
3628 299 151
3624 299 151
3618 298 150
3615 298 151
3609 298 150
3603 297 155
3598 297 149
3594 297 148
3589 296 150
3585 296 154
3579 295 154
3577 295 153
3572 295 149
3568 294 154
3564 294 152
3559 294 147
3555 293 151
3551 293 156
3545 292 154
3542 292 153
3538 292 154
3534 292 154
3530 291 156
3525 291 152
3521 290 156
3517 290 154
3511 290 154
3508 290 154
3504 289 154
3498 289 151
3492 288 152
3487 287 155
3483 287 156
3478 287 156
3472 286 155
3466 286 160
3460 285 155
3454 285 155
3448 285 158
3444 284 156
3438 284 157
3432 283 156
3431 283 155
3425 282 154
3419 282 155
3414 282 158
3408 281 156
3406 280 157
3400 280 157
3397 280 158 - capacity at high cutoff=307 mAh
3391 279 156
3385 279 158
3380 279 160
3376 278 161
3370 278 156
3364 278 157
3359 277 158
3353 277 156
3347 276 161
3342 276 160
3336 275 158
3330 275 161
3324 274 162
3318 274 162
3312 272 161
3294 272 165
3288 271 162
3282 270 157
3264 270 160
3258 269 162
3252 268 161
3234 267 161
3228 266 160
3210 265 160
3204 264 163
3186 263 163
3168 262 161
3162 260 159
3144 259 161
3126 258 165
3108 256 162
3090 255 162
3072 253 163
3054 252 163
3036 251 164
3018 248 163
2988 247 165
2970 245 166
2940 243 166
2922 241 166
2892 239 167
2862 237 168
2844 235 169
2814 232 168
2784 229 166
2754 227 170
2724 224 170
2694 222 169
2664 219 166
2634 216 171
2604 213 172
2574 211 171
2544 208 169
2514 206 173
2484 204 172
2454 201 174
2424 199 169
2394 197 167
2364 194 171
2334 192 173
2304 190 172
2274 188 169
2256 186 170
2226 184 172
2208 182 175
2178 180 174
2160 178 173
2142 177 173
2124 175 171
2106 174 173
2088 172 175
2070 170 179
2052 169 207
2034 167 177
2016 166 177
1998 165 175
1980 163 179
1962 162 176
1944 161 175
1926 159 179
1920 158 180
1902 157 178
1884 155 176
1878 154 177
1860 153 179
1842 152 177
1836 151 177
1818 150 177
1800 149 180
1794 148 179
1776 147 179
1770 146 181
1752 144 179
1734 143 176
1728 143 177
1710 142 178
1704 141 177
1698 139 178
1680 138 179
1674 137 179
1656 136 182
1650 135 179
1632 134 178
1626 134 182
1608 133 180
1602 132 179
1584 131 182
1579 130 180
1573 129 178
1555 128 179
1549 127 183
1543 126 177
1525 126 180
1519 125 181
1513 124 180
1495 123 185
1491 123 179
1485 122 180
1467 121 177
1465 121 182
1459 120 180
1453 119 179
1447 118 177
1429 118 181
1425 118 177
1419 116 182
1413 116 178
1407 115 182
1401 115 177
1383 114 182
1382 114 176
1376 113 181
1370 112 178
1364 112 181
1358 111 177
1352 111 181
1334 110 180
1331 110 176
1326 109 178
1320 108 176
1314 108 179
1308 107 178
1302 107 176
1296 106 180
1290 106 181
1272 105 179
1271 104 175
1265 104 178
1259 103 177
1253 103 178
1247 102 179
1241 102 174
1235 101 177
1229 100 182
1223 100 185
1217 99 180
1211 99 178
1193 98 182
1192 98 179
1186 97 181
1180 97 176
1174 96 177
1168 96 178
1162 95 178
1144 95 177
1143 94 176
1137 93 178
1131 92 178
1125 92 174
1119 91 178
1113 91 183
1107 90 185
1101 90 184
1083 90 179
1081 89 176
1075 88 181
1069 88 183
1063 87 177
1057 87 177
1051 86 182
1045 85 185
1039 85 183
1033 84 177
1027 84 181
1021 83 180
1015 83 181
1009 82 182
1003 82 180
997 81 182
991 81 181
973 80 175
974 80 178
968 79 183
963 79 180
957 79 178
951 77 178
946 77 182
940 77 179
935 77 176
929 76 180
925 75 180
919 75 177
913 75 180
908 74 183
903 74 178
897 73 183
893 73 185
888 73 179
884 72 184
880 72 185
874 72 187
869 71 169
865 71 185
861 71 182
859 70 186
853 69 184
848 69 184
844 69 185
839 69 183
835 68 187
831 68 188
826 68 183
824 67 177
818 67 193
816 66 187
812 66 185
809 66 182
805 66 187
801 66 188
797 65 187
792 65 169
788 65 185
786 64 186
784 64 180
779 64 181
777 64 175
775 63 191
769 63 186
767 63 180
764 63 180
760 63 174
758 62 190
754 61 186
752 61 183
747 61 188
745 61 170
741 60 175
739 60 191
737 60 192
732 60 192
730 60 174
728 59 176
726 59 192
724 59 188
720 59 186
717 59 180
715 58 174
711 58 179
709 58 195
705 58 189
703 57 186
698 57 181
696 57 182
692 57 187
690 56 181
688 56 197
683 56 167
681 56 183
677 56 185
675 56 186
670 55 190
666 55 172
664 55 166
662 54 194
658 54 190
656 53 193
651 53 163
649 53 168
645 53 184
643 52 200
638 52 182
636 52 176
632 51 180
630 51 196
628 51 196
623 51 178
621 50 172
617 50 177
615 50 193
611 50 187
606 50 192
604 49 174
600 49 179
598 49 195
596 48 192
591 49 191
589 48 173
585 48 168
583 48 184
579 47 189
576 47 184
574 47 178
570 47 160
568 46 188
566 46 193
561 45 190
559 46 172
555 45 170
553 45 175
551 45 203
549 44 197
544 44 202
542 44 172
540 44 172
536 44 188
534 43 204
529 43 186
529 43 182
525 43 178
523 42 180
519 42 196
519 42 200
514 42 194
512 42 164
510 41 166
506 41 182
504 41 198
502 41 198
500 41 197
497 40 179
493 40 182
491 40 180
489 40 196
487 40 197
485 39 199
482 39 181
478 39 163
476 38 162
474 38 190
472 38 195
470 38 199
467 38 181
465 37 163
461 37 179
461 37 178
457 37 183
455 37 199
453 36 198
450 36 196
448 36 166
446 36 163
444 36 164
442 36 192
440 36 197
438 36 197
435 35 179
433 35 184
431 34 178
429 35 160
427 34 188
425 35 216
423 34 219
420 34 189
418 34 171
416 34 170
414 34 186
412 33 180
412 33 162
410 33 190
408 33 206
406 33 204
403 33 174
401 33 168
401 32 173
399 32 172
397 32 173
395 32 167
395 32 195
393 32 200
391 32 205
388 32 199
388 31 181
386 31 176
384 31 192
382 31 174
382 30 168
380 31 184
378 30 212
378 30 214
373 30 196
373 30 198
373 30 180
371 30 174
369 30 173
369 30 177
367 29 177
365 29 193
363 29 190
363 29 206
361 29 205
361 29 205
358 29 199
356 29 169
356 29 168
354 28 184
352 28 166
352 28 171
350 28 166
350 28 182
348 28 187
346 28 215
344 28 197
344 28 197
341 27 202
341 28 172
339 27 168
339 27 184
337 27 178
335 27 172
333 27 154
335 27 170
333 27 198
331 26 214
329 26 210
326 26 204
326 26 198
326 26 192
324 26 174
324 26 168
322 26 168
320 26 184
320 25 178
318 26 160
318 25 188
318 25 216
314 25 221
314 25 215
311 25 209
311 25 179
311 25 173
307 25 155
307 25 153
305 25 157
305 25 173
303 24 167
303 25 161
301 24 159
301 24 175
299 24 191
299 24 207
297 24 201
297 24 217
294 23 218
294 24 188
292 24 158
292 24 163
290 23 179
290 24 161
288 23 166
288 23 171
288 23 187
286 23 181
284 22 163
284 23 191
284 22 219
282 23 235
282 22 205
279 22 175
279 22 180
277 22 196
275 22 178
277 22 148
275 22 176
275 21 170
273 22 175
273 21 191
273 22 185
271 21 187
269 21 192
267 21 220
267 21 190
267 21 218
264 21 200
264 21 170
262 21 164
264 21 146
262 21 174
260 21 173
260 20 178
260 21 160
258 21 176
256 20 192
256 21 162
256 20 178
256 20 183
254 20 182
254 20 198
252 20 180
252 20 208
250 20 236
250 20 240
247 20 210
250 20 180
247 20 196
245 20 178
245 19 148
245 20 176
243 19 175
243 19 169
241 20 174
241 19 156
241 19 172
241 19 200
239 19 170
239 19 140
239 19 168
237 19 150
237 19 155
237 19 183
235 19 199
235 18 215
235 19 214
235 19 213
232 19 183
232 18 165
232 19 193
232 18 187
230 18 157
230 18 154
228 19 182
230 18 183
Voltage=3.760V->0.228V:228 Current=311mA->18mA:18 ESR=140mohm->165mohm:165 LoadResistor=11.944ohm Capacity=307_1044mAh Duration_compr=9h_54min
Stored minus computed capacity=-3 mAh
computed capacity between 3760 mV and 3400 mV=307 mAh
ESR=0.140 ohm, capacity=1044 mAh

Discharge to high voltage 3400 mV
capacity=307 mAh
Switch to state DETECTING BATTERY
