START ../src/UltimateBatteryTester.cpp
Version 4.0 from Jan  6 2024
Button pin=2
To suppress such prints not suited for Arduino plotter, connect pin 10 to ground
Maximum number of uncompressed samples=337, compressed=672 | 11h 12min

522 compressed EEPROM values found for type=Li-ion     and discharge mode=z
3615 299 150
3597 297 152
3591 295 151
3573 295 152
3567 294 151
3561 293 150
3555 293 151
3537 292 151
3534 292 151
3530 291 150
3524 291 147
3518 290 150
3500 290 148
3500 289 150
3482 288 145
3478 287 149
3472 286 148
3466 285 148
3448 285 146
3442 284 147
3424 283 147
3406 281 149
3388 279 145 - capacity at high cutoff=110 mAh
3370 278 145
3352 276 150
3322 275 151
3304 272 148
3274 270 149
3244 268 149
3214 266 149
3184 263 151
3154 260 150
3124 256 154
3094 252 153
3064 248 153
3034 242 152
3004 236 153
2974 230 158
2944 212 160
2914 206 159
2884 188 162
2854 182 162
2824 164 167
2794 161 170
2764 155 171
2734 149 173
2704 143 173
2674 137 175
2644 133 173
2614 129 178
2584 126 175
2554 122 177
2524 120 174
2494 117 173
2464 115 177
2434 114 177
2404 112 175
2374 110 173
2344 108 172
2314 107 177
2284 106 177
2254 105 174
2224 104 175
2194 102 178
2164 101 177
2134 100 180
2104 99 174
2074 98 178
2044 97 179
2014 95 174
1984 94 176
1954 93 178
1924 92 178
1894 91 181
1864 90 180
1834 88 177
1804 88 178
1774 87 179
1744 86 180
1714 84 180
1684 83 181
1654 82 182
1624 82 177
1594 81 178
1564 80 178
1534 79 178
1504 78 176
1474 77 174
1444 76 178
1414 76 182
1384 75 178
1354 74 177
1324 73 178
1294 73 179
1264 72 184
1234 71 178
1204 71 183
1174 70 177
1144 69 193
1114 68 187
1084 68 187
1054 67 183
1024 67 187
994 67 189
964 66 183
934 66 185
904 65 190
874 64 184
844 64 186
814 64 180
784 63 185
766 63 190
760 62 184
754 61 184
750 61 187
745 60 183
739 60 199
735 60 193
729 59 187
724 59 187
718 58 190
715 58 172
709 58 188
705 58 189
700 57 184
696 57 183
690 56 187
685 56 181
683 56 178
677 56 194
673 55 189
668 55 171
664 54 176
660 54 204
656 53 198
651 53 180
647 53 179
643 52 195
638 52 190
634 52 172
630 51 188
626 51 204
623 51 198
619 50 168
615 50 184
611 50 200
606 50 200
604 49 182
600 49 178
598 49 194
594 48 199
589 48 181
585 48 175
583 47 191
579 47 193
574 47 187
570 47 169
568 46 185
564 46 201
561 45 183
555 45 181
553 45 179
551 45 195
547 44 211
542 44 193
538 44 175
536 43 191
534 43 207
528 43 189
525 43 171
523 42 187
519 42 203
514 42 203
510 41 173
510 41 167
506 41 183
502 41 199
497 41 200
495 40 170
493 40 186
489 40 191
485 40 207
482 39 189
478 39 171
476 38 176
472 38 204
470 38 199
467 37 181
465 38 175
461 37 174
459 37 179
455 37 195
453 37 197
450 36 191
446 36 173
444 36 155
442 36 183
440 36 199
438 35 203
433 35 173
431 35 172
429 35 168
427 34 196
423 34 199
420 34 193
418 34 175
416 34 191
414 33 186
410 33 180
408 33 196
406 33 212
403 33 194
401 32 176
399 32 180
395 32 174
395 32 190
391 32 206
388 32 203
388 32 185
386 31 184
382 31 178
382 30 181
378 30 209
376 30 207
373 30 189
371 30 171
369 29 167
367 29 183
367 29 182
363 29 198
361 29 203
361 29 199
358 28 169
354 28 171
352 28 165
352 28 168
350 28 166
348 28 182
346 28 198
344 28 203
341 28 208
339 27 178
339 27 182
337 27 164
335 27 169
333 27 174
331 26 202
331 26 207
329 26 208
326 26 190
324 26 190
322 26 172
320 26 170
320 26 186
320 26 189
316 26 185
316 25 201
314 25 206
311 25 222
309 25 192
309 25 162
307 25 144
307 25 160
305 24 176
303 24 170
301 24 152
301 24 168
299 24 196
297 24 212
297 24 206
294 24 205
294 24 175
292 24 157
290 24 151
288 23 154
288 22 182
286 23 198
284 22 180
284 22 185
282 22 213
282 22 241
279 22 211
277 22 181
277 22 186
275 22 180
275 21 184
273 22 178
271 22 194
271 21 192
269 22 208
269 21 224
267 21 218
264 21 215
264 21 197
264 21 167
262 21 161
260 21 163
260 21 191
260 21 161
258 21 165
256 20 164
256 20 180
254 20 178
252 20 173
252 20 189
250 20 217
250 20 233
247 20 203
247 20 173
245 19 170
245 19 186
243 19 180
243 19 183
243 19 165
241 19 193
239 19 175
239 19 173
237 19 143
237 19 171
235 19 199
235 19 227
232 19 197
232 18 167
232 18 183
230 18 165
228 19 181
228 18 163
226 18 179
226 18 173
226 18 155
224 18 171
224 18 153
224 17 181
222 18 151
222 18 179
220 18 207
220 17 204
217 17 232
217 17 202
217 17 172
215 17 200
215 17 170
215 17 172
213 17 177
213 17 159
213 17 187
211 17 169
211 17 151
211 17 179
211 17 195
209 17 165
207 17 170
207 17 175
207 17 180
205 17 185
205 17 179
205 17 161
205 16 189
203 16 217
203 16 199
203 16 204
203 16 232
203 16 236
200 16 206
198 16 176
200 16 181
200 16 197
198 16 167
198 16 137
198 16 165
196 16 181
196 16 175
196 16 145
196 16 144
194 15 172
196 16 200
196 16 170
194 15 152
194 16 157
194 16 173
194 16 189
192 16 194
192 15 176
192 16 192
192 15 186
192 15 187
192 15 185
192 15 213
190 15 215
190 15 185
190 15 155
190 15 160
190 15 188
190 15 216
190 15 244
188 15 242
188 14 270
188 15 240
188 14 222
188 14 250
188 14 232
188 15 248
185 14 230
188 15 246
188 14 274
185 15 290
185 14 260
185 14 230
188 14 200
185 15 216
185 14 186
185 14 156
183 14 184
185 14 183
185 15 182
185 14 184
185 14 166
185 14 182
185 14 210
185 14 180
185 14 185
185 14 201
185 14 195
185 14 196
183 14 178
185 14 206
185 14 222
185 14 204
185 14 220
185 14 214
185 14 216
185 14 210
185 14 208
185 14 202
185 14 207
185 14 201
183 14 206
185 14 200
185 14 216
185 15 215
185 14 209
183 14 179
185 15 207
185 14 212
185 14 228
185 14 210
183 14 208
185 14 213
183 14 229
183 14 234
185 14 204
185 14 209
185 14 237
185 14 219
185 14 223
183 14 217
183 14 233
183 14 249
183 14 219
183 14 223
183 14 205
185 14 233
185 14 227
183 14 197
183 14 213
185 14 216
185 14 210
185 14 180
183 14 175
183 14 180
185 14 196
183 14 166
183 14 166
183 14 166
183 14 166
183 14 182
183 14 164
183 14 168
183 14 166
183 14 182
183 14 210
183 14 192
183 14 197
183 14 192
181 14 208
183 14 204
183 14 232
183 14 214
183 14 242
181 14 212
183 14 228
183 14 244
183 14 249
181 14 231
183 14 225
183 14 241
183 14 257
181 14 227
181 14 209
181 14 203
181 14 197
181 14 179
181 14 173
181 14 167
181 14 168
181 14 168
181 14 162
181 14 159
181 14 187
181 14 183
183 14 188
181 14 187
181 14 203
181 14 197
179 14 202
181 14 218
181 14 218
181 14 223
181 14 239
179 14 209
179 14 191
181 14 219
Voltage=3.615V->0.181V:181 Current=299mA->14mA:14 ESR=150mohm->235mohm:235 LoadResistor=11.937ohm Capacity=110_465mAh Duration_compr=8h_42min
Stored minus computed capacity=-3 mAh
computed capacity between 3615 mV and 3400 mV=110 mAh
ESR=0.150 ohm, capacity=465 mAh

Discharge to high voltage 3400 mV
capacity=110 mAh
Switch to state DETECTING BATTERY
